<?xml version="1.0" encoding="UTF-8"?>
<testng-results skipped="0" failed="0" total="2" passed="2">
  <reporter-output>
  </reporter-output>
  <suite name="Suite" duration-ms="53" started-at="2020-11-13T12:06:00Z" finished-at="2020-11-13T12:06:00Z">
    <groups>
    </groups>
    <test name="Test" duration-ms="53" started-at="2020-11-13T12:06:00Z" finished-at="2020-11-13T12:06:00Z">
      <class name="homePage.Login">
        <test-method status="PASS" signature="configBC()[pri:0, instance:homePage.Login@71e7a66b]" name="configBC" is-config="true" duration-ms="18" started-at="2020-11-13T17:36:00Z" finished-at="2020-11-13T17:36:00Z">
          <reporter-output>
          </reporter-output>
        </test-method> <!-- configBC -->
        <test-method status="PASS" signature="configBM()[pri:0, instance:homePage.Login@71e7a66b]" name="configBM" is-config="true" duration-ms="1" started-at="2020-11-13T17:36:00Z" finished-at="2020-11-13T17:36:00Z">
          <reporter-output>
          </reporter-output>
        </test-method> <!-- configBM -->
        <test-method status="PASS" signature="m1()[pri:0, instance:homePage.Login@71e7a66b]" name="m1" duration-ms="7" started-at="2020-11-13T17:36:00Z" finished-at="2020-11-13T17:36:00Z">
          <reporter-output>
          </reporter-output>
        </test-method> <!-- m1 -->
        <test-method status="PASS" signature="configAM()[pri:0, instance:homePage.Login@71e7a66b]" name="configAM" is-config="true" duration-ms="0" started-at="2020-11-13T17:36:00Z" finished-at="2020-11-13T17:36:00Z">
          <reporter-output>
          </reporter-output>
        </test-method> <!-- configAM -->
        <test-method status="PASS" signature="configBM()[pri:0, instance:homePage.Login@71e7a66b]" name="configBM" is-config="true" duration-ms="0" started-at="2020-11-13T17:36:00Z" finished-at="2020-11-13T17:36:00Z">
          <reporter-output>
          </reporter-output>
        </test-method> <!-- configBM -->
        <test-method status="PASS" signature="m2()[pri:0, instance:homePage.Login@71e7a66b]" name="m2" duration-ms="1" started-at="2020-11-13T17:36:00Z" finished-at="2020-11-13T17:36:00Z">
          <reporter-output>
          </reporter-output>
        </test-method> <!-- m2 -->
        <test-method status="PASS" signature="configAM()[pri:0, instance:homePage.Login@71e7a66b]" name="configAM" is-config="true" duration-ms="0" started-at="2020-11-13T17:36:00Z" finished-at="2020-11-13T17:36:00Z">
          <reporter-output>
          </reporter-output>
        </test-method> <!-- configAM -->
        <test-method status="PASS" signature="configAC()[pri:0, instance:homePage.Login@71e7a66b]" name="configAC" is-config="true" duration-ms="1" started-at="2020-11-13T17:36:00Z" finished-at="2020-11-13T17:36:00Z">
          <reporter-output>
          </reporter-output>
        </test-method> <!-- configAC -->
      </class> <!-- homePage.Login -->
    </test> <!-- Test -->
  </suite> <!-- Suite -->
</testng-results>
